2026-01-21 15:23:23 - INFO - 
===================================
抖音数据抓取调度器
动态时间范围: 滚动5分钟窗口
执行间隔: 每5分钟
退出方式: Ctrl+C
===================================
2026-01-21 15:23:23 - INFO - Adding job tentatively -- it will be properly scheduled when the scheduler starts
2026-01-21 15:23:23 - INFO - 调度器启动中...
2026-01-21 15:23:23 - INFO - Added job "SchedulerManager._job_wrapper" to job store "default"
2026-01-21 15:23:23 - INFO - Scheduler started
2026-01-21 15:23:23 - INFO - Running job "SchedulerManager._job_wrapper (trigger: interval[0:05:00], next run at: 2026-01-21 15:28:23 CST)" (scheduled at 2026-01-21 15:23:23.951286+08:00)
2026-01-21 15:23:23 - INFO - 开始执行任务 - 时间: 2026-01-21 15:23:23.966391+08:00
2026-01-21 15:23:23 - INFO - 
===================================
开始执行主命令 - 时间: 2026-01-21 15:23:23
2026-01-21 15:24:11 - INFO - 
===================================
主命令执行结束 - 时间: 2026-01-21 15:24:11
2026-01-21 15:24:11 - INFO - 已处理 0 个视频
2026-01-21 15:24:11 - INFO - 
===================================
开始执行上传脚本 - 时间: 2026-01-21 15:24:11
2026-01-21 15:24:25 - INFO - ✅ 上传脚本执行成功
2026-01-21 15:24:25 - INFO - 
===================================
上传脚本执行结束 - 时间: 2026-01-21 15:24:25
2026-01-21 15:24:25 - INFO - 任务执行耗时: 61.06 秒
2026-01-21 15:24:25 - INFO - CPU使用变化: 33.00%
2026-01-21 15:24:25 - INFO - 内存占用变化: -78.45 MB
2026-01-21 15:24:25 - INFO - Job "SchedulerManager._job_wrapper (trigger: interval[0:05:00], next run at: 2026-01-21 15:28:23 CST)" executed successfully
2026-01-21 15:24:42 - INFO - 接收到 Windows 控制信号，正在关闭调度器...
2026-01-21 15:24:42 - INFO - 正在关闭调度器...
2026-01-21 15:24:42 - INFO - Scheduler has been shut down
2026-01-21 15:24:42 - INFO - 调度器已关闭
2026-01-21 15:29:13 - INFO - 
===================================
抖音数据抓取调度器
动态时间范围: 滚动5分钟窗口
执行间隔: 每5分钟
退出方式: Ctrl+C
===================================
2026-01-21 15:29:13 - INFO - Adding job tentatively -- it will be properly scheduled when the scheduler starts
2026-01-21 15:29:13 - INFO - 调度器启动中...
2026-01-21 15:29:13 - INFO - Added job "SchedulerManager._job_wrapper" to job store "default"
2026-01-21 15:29:13 - INFO - Scheduler started
2026-01-21 15:29:13 - INFO - Running job "SchedulerManager._job_wrapper (trigger: interval[0:05:00], next run at: 2026-01-21 15:34:13 CST)" (scheduled at 2026-01-21 15:29:13.435936+08:00)
2026-01-21 15:29:13 - INFO - 开始执行任务 - 时间: 2026-01-21 15:29:13.445975+08:00
2026-01-21 15:29:13 - INFO - 
===================================
开始执行主命令 - 时间: 2026-01-21 15:29:13
2026-01-21 15:30:00 - INFO - 
===================================
主命令执行结束 - 时间: 2026-01-21 15:30:00
2026-01-21 15:30:00 - INFO - 已处理 0 个视频
2026-01-21 15:30:00 - INFO - 
===================================
开始执行上传脚本 - 时间: 2026-01-21 15:30:00
2026-01-21 15:30:09 - INFO - ✅ 上传脚本执行成功
2026-01-21 15:30:09 - INFO - 
===================================
上传脚本执行结束 - 时间: 2026-01-21 15:30:09
2026-01-21 15:30:09 - INFO - 任务执行耗时: 56.21 秒
2026-01-21 15:30:09 - INFO - CPU使用变化: 32.80%
2026-01-21 15:30:09 - INFO - 内存占用变化: -51.41 MB
2026-01-21 15:30:09 - INFO - Job "SchedulerManager._job_wrapper (trigger: interval[0:05:00], next run at: 2026-01-21 15:34:13 CST)" executed successfully
2026-01-21 15:34:13 - INFO - Running job "SchedulerManager._job_wrapper (trigger: interval[0:05:00], next run at: 2026-01-21 15:39:13 CST)" (scheduled at 2026-01-21 15:34:13.435936+08:00)
2026-01-21 15:34:13 - INFO - 开始执行任务 - 时间: 2026-01-21 15:34:13.450697+08:00
2026-01-21 15:34:13 - INFO - 
===================================
开始执行主命令 - 时间: 2026-01-21 15:34:13
2026-01-21 15:35:07 - INFO - 
===================================
主命令执行结束 - 时间: 2026-01-21 15:35:07
2026-01-21 15:35:07 - INFO - 已处理 0 个视频
2026-01-21 15:35:07 - INFO - 
===================================
开始执行上传脚本 - 时间: 2026-01-21 15:35:07
2026-01-21 15:35:18 - INFO - ✅ 上传脚本执行成功
2026-01-21 15:35:18 - INFO - 
===================================
上传脚本执行结束 - 时间: 2026-01-21 15:35:18
2026-01-21 15:35:18 - INFO - 任务执行耗时: 65.19 秒
2026-01-21 15:35:18 - INFO - CPU使用变化: 24.10%
2026-01-21 15:35:18 - INFO - 内存占用变化: 163.38 MB
2026-01-21 15:35:18 - INFO - Job "SchedulerManager._job_wrapper (trigger: interval[0:05:00], next run at: 2026-01-21 15:39:13 CST)" executed successfully
2026-01-21 15:37:08 - INFO - 接收到 Windows 控制信号，正在关闭调度器...
2026-01-21 15:37:08 - INFO - 正在关闭调度器...
2026-01-21 15:37:08 - INFO - Scheduler has been shut down
2026-01-21 15:37:08 - INFO - 调度器已关闭
2026-01-21 15:37:09 - INFO - 
===================================
抖音数据抓取调度器
动态时间范围: 滚动5分钟窗口
执行间隔: 每5分钟
退出方式: Ctrl+C
===================================
2026-01-21 15:37:09 - INFO - Adding job tentatively -- it will be properly scheduled when the scheduler starts
2026-01-21 15:37:09 - INFO - 调度器启动中...
2026-01-21 15:37:09 - INFO - Added job "SchedulerManager._job_wrapper" to job store "default"
2026-01-21 15:37:09 - INFO - Scheduler started
2026-01-21 15:37:09 - INFO - Running job "SchedulerManager._job_wrapper (trigger: interval[0:05:00], next run at: 2026-01-21 15:42:09 CST)" (scheduled at 2026-01-21 15:37:09.322830+08:00)
2026-01-21 15:37:09 - INFO - 开始执行任务 - 时间: 2026-01-21 15:37:09.339904+08:00
2026-01-21 15:37:09 - INFO - 
===================================
开始执行主命令 - 时间: 2026-01-21 15:37:09
2026-01-21 15:38:11 - INFO - 
===================================
主命令执行结束 - 时间: 2026-01-21 15:38:11
2026-01-21 15:38:11 - INFO - 已处理 0 个视频
2026-01-21 15:38:11 - INFO - 
===================================
开始执行上传脚本 - 时间: 2026-01-21 15:38:11
2026-01-21 15:38:21 - INFO - ✅ 上传脚本执行成功
2026-01-21 15:38:21 - INFO - 
===================================
上传脚本执行结束 - 时间: 2026-01-21 15:38:21
2026-01-21 15:38:21 - INFO - 任务执行耗时: 72.44 秒
2026-01-21 15:38:21 - INFO - CPU使用变化: 28.50%
2026-01-21 15:38:21 - INFO - 内存占用变化: 189.03 MB
2026-01-21 15:38:21 - INFO - Job "SchedulerManager._job_wrapper (trigger: interval[0:05:00], next run at: 2026-01-21 15:42:09 CST)" executed successfully
2026-01-21 15:42:09 - INFO - Running job "SchedulerManager._job_wrapper (trigger: interval[0:05:00], next run at: 2026-01-21 15:47:09 CST)" (scheduled at 2026-01-21 15:42:09.322830+08:00)
2026-01-21 15:42:09 - INFO - 开始执行任务 - 时间: 2026-01-21 15:42:09.349790+08:00
2026-01-21 15:42:09 - INFO - 
===================================
开始执行主命令 - 时间: 2026-01-21 15:42:09
2026-01-21 15:42:12 - INFO - 接收到 Windows 控制信号，正在关闭调度器...
2026-01-21 15:42:12 - INFO - 正在关闭调度器...
2026-01-21 15:42:12 - INFO - 
===================================
主命令执行结束 - 时间: 2026-01-21 15:42:12
2026-01-21 15:42:12 - INFO - 子进程已正常终止
2026-01-21 15:42:12 - WARNING - 主命令执行失败，跳过后续任务
2026-01-21 15:42:12 - INFO - Scheduler has been shut down
2026-01-21 15:42:12 - INFO - 任务执行耗时: 2.90 秒
2026-01-21 15:42:12 - INFO - 调度器已关闭
2026-01-21 15:42:12 - INFO - CPU使用变化: 38.50%
2026-01-21 15:42:12 - INFO - 内存占用变化: 34.36 MB
2026-01-21 15:42:12 - INFO - Job "SchedulerManager._job_wrapper (trigger: interval[0:05:00], next run at: 2026-01-21 15:47:09 CST)" executed successfully
2026-01-21 15:44:27 - INFO - 
===================================
抖音数据抓取调度器
动态时间范围: 滚动5分钟窗口
执行间隔: 每5分钟
退出方式: Ctrl+C
===================================
2026-01-21 15:44:27 - INFO - Adding job tentatively -- it will be properly scheduled when the scheduler starts
2026-01-21 15:44:27 - INFO - 调度器启动中...
2026-01-21 15:44:27 - INFO - Added job "SchedulerManager._job_wrapper" to job store "default"
2026-01-21 15:44:27 - INFO - Scheduler started
2026-01-21 15:44:27 - INFO - Running job "SchedulerManager._job_wrapper (trigger: interval[0:05:00], next run at: 2026-01-21 15:49:27 CST)" (scheduled at 2026-01-21 15:44:27.893433+08:00)
2026-01-21 15:44:27 - INFO - 开始执行任务 - 时间: 2026-01-21 15:44:27.905115+08:00
2026-01-21 15:44:27 - INFO - 
===================================
开始执行主命令 - 时间: 2026-01-21 15:44:27
2026-01-21 15:45:15 - INFO - 
===================================
主命令执行结束 - 时间: 2026-01-21 15:45:15
2026-01-21 15:45:15 - INFO - 时间范围内未找到视频，检查未处理的视频...
2026-01-21 15:45:15 - INFO - 找到 23 个待处理视频
2026-01-21 15:45:38 - ERROR - 去重失败: 2025-10-21 13-46-12_video.mp4，返回码: 1
2026-01-21 15:45:38 - ERROR - 去重失败: 2025-12-29 11-31-44_video.mp4，返回码: 1
2026-01-21 15:45:38 - ERROR - 去重失败: 2025-12-27 09-46-00_video.mp4，返回码: 1
2026-01-21 15:45:38 - ERROR - 去重失败: 2025-11-02 09-40-00_video.mp4，返回码: 1
2026-01-21 15:45:38 - ERROR - 去重失败: 2025-12-28 18-54-03_video.mp4，返回码: 1
2026-01-21 15:45:38 - ERROR - 去重失败: 2025-12-28 12-23-43_video.mp4，返回码: 1
2026-01-21 15:45:38 - ERROR - 去重失败: 2024-09-25 10-57-03_video.mp4，返回码: 1
2026-01-21 15:45:38 - ERROR - 去重失败: 2025-12-27 17-32-56_video.mp4，返回码: 1
2026-01-21 15:45:48 - ERROR - 去重失败: 2025-12-31 13-13-35_video.mp4，返回码: 1
2026-01-21 15:45:48 - ERROR - 去重失败: 2026-01-06 11-08-32_video.mp4，返回码: 1
2026-01-21 15:45:48 - ERROR - 去重失败: 2026-01-03 10-42-00_video.mp4，返回码: 1
2026-01-21 15:45:48 - ERROR - 去重失败: 2025-12-30 14-18-36_video.mp4，返回码: 1
2026-01-21 15:45:48 - ERROR - 去重失败: 2026-01-02 11-25-16_video.mp4，返回码: 1
2026-01-21 15:45:48 - ERROR - 去重失败: 2026-01-07 11-32-00_video.mp4，返回码: 1
2026-01-21 15:45:48 - ERROR - 去重失败: 2026-01-05 17-33-10_video.mp4，返回码: 1
2026-01-21 15:45:48 - ERROR - 去重失败: 2026-01-06 21-29-51_video.mp4，返回码: 1
2026-01-21 15:45:55 - ERROR - 去重失败: 2026-01-09 12-27-00_video.mp4，返回码: 1
2026-01-21 15:45:55 - ERROR - 去重失败: 2026-01-08 13-54-52_video.mp4，返回码: 1
2026-01-21 15:45:55 - ERROR - 去重失败: 2026-01-10 15-14-34_video.mp4，返回码: 1
2026-01-21 15:45:56 - ERROR - 去重失败: 2026-01-13 12-22-05_video.mp4，返回码: 1
2026-01-21 15:45:56 - ERROR - 去重失败: 2026-01-11 14-04-20_video.mp4，返回码: 1
2026-01-21 15:45:56 - ERROR - 去重失败: 2026-01-14 16-55-54_video.mp4，返回码: 1
2026-01-21 15:45:56 - ERROR - 去重失败: 2026-01-12 15-52-08_video.mp4，返回码: 1
2026-01-21 15:45:56 - INFO - 已处理 0 个视频
2026-01-21 15:45:56 - INFO - 
===================================
开始执行上传脚本 - 时间: 2026-01-21 15:45:56
2026-01-21 15:46:25 - INFO - ✅ 上传脚本执行成功
2026-01-21 15:46:25 - INFO - 
===================================
上传脚本执行结束 - 时间: 2026-01-21 15:46:25
2026-01-21 15:46:25 - INFO - 任务执行耗时: 117.45 秒
2026-01-21 15:46:25 - INFO - CPU使用变化: 45.70%
2026-01-21 15:46:25 - INFO - 内存占用变化: -764.70 MB
2026-01-21 15:46:25 - INFO - Job "SchedulerManager._job_wrapper (trigger: interval[0:05:00], next run at: 2026-01-21 15:49:27 CST)" executed successfully
2026-01-21 15:49:27 - INFO - Running job "SchedulerManager._job_wrapper (trigger: interval[0:05:00], next run at: 2026-01-21 15:54:27 CST)" (scheduled at 2026-01-21 15:49:27.893433+08:00)
2026-01-21 15:49:27 - INFO - 开始执行任务 - 时间: 2026-01-21 15:49:27.916031+08:00
2026-01-21 15:49:27 - INFO - 
===================================
开始执行主命令 - 时间: 2026-01-21 15:49:27
2026-01-21 15:50:29 - INFO - 
===================================
主命令执行结束 - 时间: 2026-01-21 15:50:29
2026-01-21 15:50:29 - INFO - 时间范围内未找到视频，检查未处理的视频...
2026-01-21 15:50:29 - INFO - 找到 23 个待处理视频
2026-01-21 15:54:28 - INFO - Running job "SchedulerManager._job_wrapper (trigger: interval[0:05:00], next run at: 2026-01-21 15:59:27 CST)" (scheduled at 2026-01-21 15:54:27.893433+08:00)
2026-01-21 15:54:28 - INFO - 开始执行任务 - 时间: 2026-01-21 15:54:28.985328+08:00
2026-01-21 15:54:28 - INFO - 
===================================
开始执行主命令 - 时间: 2026-01-21 15:54:28
2026-01-21 15:56:47 - INFO - 
===================================
抖音数据抓取调度器
动态时间范围: 滚动5分钟窗口
执行间隔: 每5分钟
退出方式: Ctrl+C
===================================
2026-01-21 15:56:47 - INFO - Adding job tentatively -- it will be properly scheduled when the scheduler starts
2026-01-21 15:56:48 - INFO - 调度器启动中...
2026-01-21 15:56:48 - INFO - Added job "SchedulerManager._job_wrapper" to job store "default"
2026-01-21 15:56:48 - INFO - Scheduler started
2026-01-21 15:56:48 - INFO - Running job "SchedulerManager._job_wrapper (trigger: interval[0:05:00], next run at: 2026-01-21 16:01:47 CST)" (scheduled at 2026-01-21 15:56:47.876787+08:00)
2026-01-21 15:56:48 - INFO - 开始执行任务 - 时间: 2026-01-21 15:56:48.517605+08:00
2026-01-21 15:56:48 - INFO - 
===================================
开始执行主命令 - 时间: 2026-01-21 15:56:48
2026-01-21 15:58:40 - INFO - 
===================================
主命令执行结束 - 时间: 2026-01-21 15:58:40
2026-01-21 15:58:40 - INFO - 时间范围内未找到视频，检查未处理的视频...
2026-01-21 15:58:40 - INFO - 找到 23 个待处理视频
2026-01-21 16:01:48 - INFO - Running job "SchedulerManager._job_wrapper (trigger: interval[0:05:00], next run at: 2026-01-21 16:06:47 CST)" (scheduled at 2026-01-21 16:01:47.876787+08:00)
2026-01-21 16:01:51 - INFO - 开始执行任务 - 时间: 2026-01-21 16:01:51.410734+08:00
2026-01-21 16:01:51 - INFO - 
===================================
开始执行主命令 - 时间: 2026-01-21 16:01:51
2026-01-21 16:06:48 - WARNING - Execution of job "SchedulerManager._job_wrapper (trigger: interval[0:05:00], next run at: 2026-01-21 16:06:47 CST)" skipped: maximum number of running instances reached (2)
2026-01-21 16:11:40 - INFO - 
===================================
主命令执行结束 - 时间: 2026-01-21 16:11:40
2026-01-21 16:11:47 - INFO - 时间范围内未找到视频，检查未处理的视频...
2026-01-21 16:11:47 - INFO - 找到 23 个待处理视频
2026-01-21 16:11:48 - WARNING - Execution of job "SchedulerManager._job_wrapper (trigger: interval[0:05:00], next run at: 2026-01-21 16:11:47 CST)" skipped: maximum number of running instances reached (2)
2026-01-21 16:12:37 - INFO - 接收到 Windows 控制信号，正在关闭调度器...
2026-01-21 16:12:37 - INFO - 正在关闭调度器...
2026-01-21 16:12:37 - INFO - Scheduler has been shut down
2026-01-21 16:12:37 - INFO - 调度器已关闭
2026-01-21 16:12:38 - INFO - 文件监控已停止
2026-01-21 16:30:38 - INFO - 
===================================
抖音数据抓取调度器
动态时间范围: 滚动5分钟窗口
执行间隔: 每5分钟
退出方式: Ctrl+C
===================================
2026-01-21 16:30:38 - INFO - Adding job tentatively -- it will be properly scheduled when the scheduler starts
2026-01-21 16:30:38 - INFO - 调度器启动中...
2026-01-21 16:30:38 - INFO - Added job "SchedulerManager._job_wrapper" to job store "default"
2026-01-21 16:30:38 - INFO - Scheduler started
2026-01-21 16:30:38 - INFO - Running job "SchedulerManager._job_wrapper (trigger: interval[0:05:00], next run at: 2026-01-21 16:35:38 CST)" (scheduled at 2026-01-21 16:30:38.226643+08:00)
2026-01-21 16:30:38 - INFO - 开始执行任务 - 时间: 2026-01-21 16:30:38.237809+08:00
2026-01-21 16:30:38 - INFO - 
===================================
开始执行主命令 - 时间: 2026-01-21 16:30:38
2026-01-21 16:31:37 - INFO - 
===================================
主命令执行结束 - 时间: 2026-01-21 16:31:37
2026-01-21 16:31:37 - INFO - 时间范围内未找到视频，检查未处理的视频...
2026-01-21 16:31:37 - INFO - 找到 24 个待处理视频
2026-01-21 16:35:38 - INFO - Running job "SchedulerManager._job_wrapper (trigger: interval[0:05:00], next run at: 2026-01-21 16:40:38 CST)" (scheduled at 2026-01-21 16:35:38.226643+08:00)
2026-01-21 16:35:38 - INFO - 开始执行任务 - 时间: 2026-01-21 16:35:38.534124+08:00
2026-01-21 16:35:38 - INFO - 
===================================
开始执行主命令 - 时间: 2026-01-21 16:35:38
2026-01-21 16:40:38 - WARNING - Execution of job "SchedulerManager._job_wrapper (trigger: interval[0:05:00], next run at: 2026-01-21 16:40:38 CST)" skipped: maximum number of running instances reached (2)
2026-01-21 16:40:46 - INFO - 
===================================
主命令执行结束 - 时间: 2026-01-21 16:40:46
2026-01-21 16:40:46 - WARNING - 主命令执行失败，跳过后续任务
2026-01-21 16:40:46 - INFO - 任务执行耗时: 307.78 秒
2026-01-21 16:40:46 - INFO - CPU使用变化: 100.00%
2026-01-21 16:40:46 - INFO - 内存占用变化: 816.10 MB
2026-01-21 16:40:46 - INFO - Job "SchedulerManager._job_wrapper (trigger: interval[0:05:00], next run at: 2026-01-21 16:45:38 CST)" executed successfully
2026-01-21 16:45:38 - INFO - Running job "SchedulerManager._job_wrapper (trigger: interval[0:05:00], next run at: 2026-01-21 16:50:38 CST)" (scheduled at 2026-01-21 16:45:38.226643+08:00)
2026-01-21 16:45:38 - INFO - 开始执行任务 - 时间: 2026-01-21 16:45:38.539124+08:00
2026-01-21 16:45:38 - INFO - 
===================================
开始执行主命令 - 时间: 2026-01-21 16:45:38
2026-01-21 16:49:42 - INFO - 
===================================
主命令执行结束 - 时间: 2026-01-21 16:49:42
2026-01-21 16:49:42 - WARNING - 主命令执行失败，跳过后续任务
2026-01-21 16:49:42 - INFO - 任务执行耗时: 244.21 秒
2026-01-21 16:49:42 - INFO - CPU使用变化: 0.00%
2026-01-21 16:49:42 - INFO - 内存占用变化: 217.15 MB
2026-01-21 16:49:42 - INFO - Job "SchedulerManager._job_wrapper (trigger: interval[0:05:00], next run at: 2026-01-21 16:50:38 CST)" executed successfully
2026-01-21 16:50:38 - INFO - Running job "SchedulerManager._job_wrapper (trigger: interval[0:05:00], next run at: 2026-01-21 16:55:38 CST)" (scheduled at 2026-01-21 16:50:38.226643+08:00)
2026-01-21 16:50:38 - INFO - 开始执行任务 - 时间: 2026-01-21 16:50:38.528572+08:00
2026-01-21 16:50:38 - INFO - 
===================================
开始执行主命令 - 时间: 2026-01-21 16:50:38
2026-01-21 16:59:31 - INFO - 
===================================
抖音数据抓取调度器
动态时间范围: 滚动300分钟窗口
执行间隔: 每300分钟
退出方式: Ctrl+C
===================================
2026-01-21 16:59:31 - INFO - Adding job tentatively -- it will be properly scheduled when the scheduler starts
2026-01-21 16:59:31 - INFO - 调度器启动中...
2026-01-21 16:59:31 - INFO - Added job "SchedulerManager._job_wrapper" to job store "default"
2026-01-21 16:59:31 - INFO - Scheduler started
2026-01-21 16:59:31 - INFO - Running job "SchedulerManager._job_wrapper (trigger: interval[5:00:00], next run at: 2026-01-21 21:59:31 CST)" (scheduled at 2026-01-21 16:59:31.495537+08:00)
2026-01-21 16:59:31 - INFO - 开始执行任务 - 时间: 2026-01-21 16:59:31.507350+08:00
2026-01-21 16:59:31 - INFO - 
===================================
开始执行主命令 - 时间: 2026-01-21 16:59:31
2026-01-21 17:02:10 - INFO - 
===================================
主命令执行结束 - 时间: 2026-01-21 17:02:10
2026-01-21 17:02:10 - INFO - 时间范围内未找到视频，检查未处理的视频...
2026-01-21 17:02:10 - INFO - 找到 15 个待处理视频
2026-01-21 17:17:13 - ERROR - 去重失败: 2025-11-02 09-40-00_video.mp4，返回码: 1
2026-01-21 17:17:13 - ERROR - 去重失败: 2026-01-06 11-08-32_video.mp4，返回码: 1
2026-01-21 17:24:49 - INFO - 已去重并导出: 2024-09-25 10-57-03_video.mp4
2026-01-21 17:24:49 - INFO - 已去重并导出: 1.mp4
2026-01-21 17:31:11 - ERROR - 去重失败: 2026-01-11 14-04-20_video.mp4，返回码: 1
2026-01-21 17:41:18 - ERROR - 去重失败: 2026-01-06 21-29-51_video.mp4，返回码: 1
2026-01-21 17:41:18 - ERROR - 去重失败: 2026-01-12 15-52-08_video.mp4，返回码: 1
2026-01-21 17:42:45 - ERROR - 去重失败: 2026-01-09 12-27-00_video.mp4，返回码: 1
