2026-01-22 11:42:15 - INFO - ==================================================
2026-01-22 11:42:15 - INFO - 独立视频去重工具启动
2026-01-22 11:42:15 - INFO - ==================================================
2026-01-22 11:42:15 - INFO - 下载目录: F:\gitpush\video-mover\Download
2026-01-22 11:42:15 - INFO - 去重脚本: F:\gitpush\video-mover\Dedup\dedup.py
2026-01-22 11:42:15 - INFO - 输出目录: F:\gitpush\video-mover\Upload\videos
2026-01-22 11:42:15 - INFO - 已加载 1 条处理记录
2026-01-22 11:42:15 - INFO - 开始扫描目录: F:\gitpush\video-mover\Download
2026-01-22 11:42:15 - INFO - 找到 0 个未处理的 MP4 文件
2026-01-22 11:42:15 - INFO - 没有需要处理的视频文件
2026-01-22 11:42:55 - INFO - ==================================================
2026-01-22 11:42:55 - INFO - 独立视频去重工具启动
2026-01-22 11:42:55 - INFO - ==================================================
2026-01-22 11:42:55 - INFO - 下载目录: F:\gitpush\video-mover\Download
2026-01-22 11:42:55 - INFO - 去重脚本: F:\gitpush\video-mover\Dedup\dedup.py
2026-01-22 11:42:55 - INFO - 输出目录: F:\gitpush\video-mover\Upload\videos
2026-01-22 11:42:55 - INFO - 已加载 1 条处理记录
2026-01-22 11:42:55 - INFO - 开始扫描目录: F:\gitpush\video-mover\Download
2026-01-22 11:42:55 - INFO - 找到 0 个未处理的 MP4 文件
2026-01-22 11:42:55 - INFO - 没有需要处理的视频文件
2026-01-22 11:43:15 - INFO - ==================================================
2026-01-22 11:43:15 - INFO - 独立视频去重工具启动
2026-01-22 11:43:15 - INFO - ==================================================
2026-01-22 11:43:15 - INFO - 下载目录: F:\gitpush\video-mover\Download
2026-01-22 11:43:15 - INFO - 去重脚本: F:\gitpush\video-mover\Dedup\dedup.py
2026-01-22 11:43:15 - INFO - 输出目录: F:\gitpush\video-mover\Upload\videos
2026-01-22 11:43:15 - INFO - 已加载 1 条处理记录
2026-01-22 11:43:15 - INFO - 开始扫描目录: F:\gitpush\video-mover\Download
2026-01-22 11:43:15 - INFO - 找到 1 个未处理的 MP4 文件
2026-01-22 11:43:15 - INFO - ============================================================
2026-01-22 11:43:15 - INFO - 开始处理,共 1 个视频文件
2026-01-22 11:43:15 - INFO - ============================================================
2026-01-22 11:43:15 - INFO - 
进度: [1/1]
2026-01-22 11:43:15 - INFO - ============================================================
2026-01-22 11:43:15 - INFO - 开始处理: 20250210-小狗守护死去的同伴.mp4
2026-01-22 11:43:15 - INFO - 输入文件: F:\gitpush\video-mover\Download\20250210-小狗守护死去的同伴.mp4
2026-01-22 11:43:15 - INFO - 输出文件: F:\gitpush\video-mover\Upload\videos\20250210-小狗守护死去的同伴.mp4
2026-01-22 11:43:15 - INFO - ============================================================
2026-01-22 11:48:17 - INFO - ============================================================
2026-01-22 11:48:17 - INFO - ✅ 去重成功: 20250210-小狗守护死去的同伴.mp4
2026-01-22 11:48:17 - INFO - ============================================================
2026-01-22 11:48:17 - INFO - 当前统计 - 成功: 1, 失败: 0
2026-01-22 11:48:17 - INFO - 
============================================================
2026-01-22 11:48:17 - INFO - 处理完成!
2026-01-22 11:48:17 - INFO - 总计: 1 个文件
2026-01-22 11:48:17 - INFO - 成功: 1 个
2026-01-22 11:48:17 - INFO - 失败: 0 个
2026-01-22 11:48:17 - INFO - ============================================================
2026-01-22 13:59:12 - INFO - ==================================================
2026-01-22 13:59:12 - INFO - 独立视频去重工具启动
2026-01-22 13:59:12 - INFO - ==================================================
2026-01-22 13:59:12 - INFO - 下载目录: F:\gitpush\video-mover\Download
2026-01-22 13:59:12 - INFO - 去重脚本: F:\gitpush\video-mover\Dedup\dedup.py
2026-01-22 13:59:12 - INFO - 输出目录: F:\gitpush\video-mover\Upload\videos
2026-01-22 13:59:12 - INFO - 已加载 2 条处理记录
2026-01-22 13:59:12 - INFO - 开始扫描目录: F:\gitpush\video-mover\Download
2026-01-22 13:59:12 - INFO - 找到 1 个未处理的 MP4 文件
2026-01-22 13:59:12 - INFO - ============================================================
2026-01-22 13:59:12 - INFO - 开始处理,共 1 个视频文件
2026-01-22 13:59:12 - INFO - ============================================================
2026-01-22 13:59:12 - INFO - 
进度: [1/1]
2026-01-22 13:59:12 - INFO - ============================================================
2026-01-22 13:59:12 - INFO - 开始处理: 1月19日.mp4
2026-01-22 13:59:12 - INFO - 输入文件: F:\gitpush\video-mover\Download\1月19日.mp4
2026-01-22 13:59:12 - INFO - 输出文件: F:\gitpush\video-mover\Upload\videos\1月19日.mp4
2026-01-22 13:59:12 - INFO - ============================================================
2026-01-22 14:10:25 - INFO - ============================================================
2026-01-22 14:10:25 - INFO - ✅ 去重成功: 1月19日.mp4
2026-01-22 14:10:25 - INFO - ============================================================
2026-01-22 14:10:25 - INFO - 当前统计 - 成功: 1, 失败: 0
2026-01-22 14:10:25 - INFO - 
============================================================
2026-01-22 14:10:25 - INFO - 处理完成!
2026-01-22 14:10:25 - INFO - 总计: 1 个文件
2026-01-22 14:10:25 - INFO - 成功: 1 个
2026-01-22 14:10:25 - INFO - 失败: 0 个
2026-01-22 14:10:25 - INFO - ============================================================
