2026-01-22 14:13:01 - INFO - ============================================================
2026-01-22 14:13:01 - INFO - 独立视频号上传工具启动
2026-01-22 14:13:01 - INFO - ============================================================
2026-01-22 14:13:01 - INFO - 视频目录: F:\gitpush\video-mover\Upload\videos
2026-01-22 14:13:01 - INFO - 账号配置: F:\gitpush\video-mover\Upload\cookies\tencent_uploader\account.json
2026-01-22 14:13:01 - INFO - 
============================================================
2026-01-22 14:13:01 - INFO - 【第一步】生成元数据文件
2026-01-22 14:13:01 - INFO - ============================================================
2026-01-22 14:13:01 - INFO - ============================================================
2026-01-22 14:13:01 - INFO - 找到 1 个视频文件
2026-01-22 14:13:01 - INFO - ============================================================
2026-01-22 14:13:01 - INFO - 
进度: [1/1]
2026-01-22 14:13:01 - INFO - AI 分析视频: 1月19日.mp4
2026-01-22 14:13:01 - INFO - AI 分析视频: 1月19日.mp4
2026-01-22 14:13:12 - ERROR - ❌ AI 分析失败: Expecting value: line 1 column 1 (char 0)
2026-01-22 14:13:12 - INFO - ✅ 已生成元数据文件: 1月19日.txt
2026-01-22 14:13:12 - INFO -    标题: 1月19日
2026-01-22 14:13:12 - INFO -    标签: 生活,日常,分享,有趣,推荐,精彩,热门,必看
2026-01-22 14:13:12 - INFO - 
============================================================
2026-01-22 14:13:12 - INFO - 【第二步】人工审核
2026-01-22 14:13:12 - INFO - ============================================================
2026-01-22 14:13:12 - INFO - ✅ 已为 1 个视频生成元数据文件
2026-01-22 14:13:12 - INFO - 📁 元数据文件位置: F:\gitpush\video-mover\Upload\videos
2026-01-22 14:13:12 - INFO - 
2026-01-22 14:13:12 - INFO - 📝 请检查并修改每个视频对应的 .txt 文件:
2026-01-22 14:13:12 - INFO -    - 1月19日.txt
2026-01-22 14:13:12 - INFO - 
2026-01-22 14:13:12 - INFO - ⚠️  请根据实际视频内容修改标题和标签!
2026-01-22 14:13:12 - INFO - 
2026-01-22 14:13:12 - INFO - ✅ 修改完成后,按回车键继续上传...
2026-01-22 14:14:49 - ERROR - 程序执行失败: 'utf-8' codec can't decode byte 0xff in position 0: invalid start byte
Traceback (most recent call last):
  File "F:\gitpush\video-mover\standalone_upload.py", line 424, in main
    await uploader.upload_all_videos()
  File "F:\gitpush\video-mover\standalone_upload.py", line 372, in upload_all_videos
    input()  # 等待用户按回车
    ^^^^^^^
  File "<frozen codecs>", line 322, in decode
UnicodeDecodeError: 'utf-8' codec can't decode byte 0xff in position 0: invalid start byte
2026-01-22 14:19:28 - INFO - ============================================================
2026-01-22 14:19:28 - INFO - 独立视频号上传工具启动
2026-01-22 14:19:28 - INFO - ============================================================
2026-01-22 14:19:28 - INFO - 视频目录: F:\gitpush\video-mover\Upload\videos
2026-01-22 14:19:28 - INFO - 账号配置: F:\gitpush\video-mover\Upload\cookies\tencent_uploader\account.json
2026-01-22 14:19:28 - INFO - 
============================================================
2026-01-22 14:19:28 - INFO - 【第一步】生成元数据文件
2026-01-22 14:19:28 - INFO - ============================================================
2026-01-22 14:19:28 - INFO - ============================================================
2026-01-22 14:19:28 - INFO - 找到 1 个视频文件
2026-01-22 14:19:28 - INFO - ============================================================
2026-01-22 14:19:28 - INFO - 
进度: [1/1]
2026-01-22 14:19:28 - INFO - 正在为 1月19日.mp4 生成元数据文件...
2026-01-22 14:19:28 - INFO - ✅ 已创建元数据文件: 1月19日.txt
2026-01-22 14:19:28 - INFO - AI 分析视频: 1月19日.mp4
2026-01-22 14:19:28 - INFO - AI 分析视频: 1月19日.mp4
2026-01-22 14:19:42 - ERROR - ❌ AI 分析失败: Expecting value: line 1 column 1 (char 0)
2026-01-22 14:19:42 - INFO - ✅ AI 分析完成,已更新元数据文件
2026-01-22 14:19:42 - INFO -    标题: 1月19日
2026-01-22 14:19:42 - INFO -    标签: 生活,日常,分享,有趣,推荐,精彩,热门,必看
2026-01-22 14:19:42 - INFO - 
============================================================
2026-01-22 14:19:42 - INFO - 【第二步】人工审核
2026-01-22 14:19:42 - INFO - ============================================================
2026-01-22 14:19:42 - INFO - ✅ 已为 1 个视频生成元数据文件
2026-01-22 14:19:42 - INFO - 📁 元数据文件位置: F:\gitpush\video-mover\Upload\videos
2026-01-22 14:19:42 - INFO - 
2026-01-22 14:19:42 - INFO - 📝 请检查并修改每个视频对应的 .txt 文件:
2026-01-22 14:19:42 - INFO -    - 1月19日.txt
2026-01-22 14:19:42 - INFO - 
2026-01-22 14:19:42 - INFO - ⚠️  请根据实际视频内容修改标题和标签!
2026-01-22 14:19:42 - INFO - 
2026-01-22 14:19:42 - INFO - ✅ 修改完成后,按回车键继续上传...
2026-01-22 14:21:01 - ERROR - 程序执行失败: 'utf-8' codec can't decode byte 0xff in position 0: invalid start byte
Traceback (most recent call last):
  File "F:\gitpush\video-mover\standalone_upload.py", line 439, in main
    await uploader.upload_all_videos()
  File "F:\gitpush\video-mover\standalone_upload.py", line 387, in upload_all_videos
    input()  # 等待用户按回车
    ^^^^^^^
  File "<frozen codecs>", line 322, in decode
UnicodeDecodeError: 'utf-8' codec can't decode byte 0xff in position 0: invalid start byte
2026-01-22 14:21:02 - INFO - ============================================================
2026-01-22 14:21:02 - INFO - 独立视频号上传工具启动
2026-01-22 14:21:02 - INFO - ============================================================
2026-01-22 14:21:02 - INFO - 视频目录: F:\gitpush\video-mover\Upload\videos
2026-01-22 14:21:02 - INFO - 账号配置: F:\gitpush\video-mover\Upload\cookies\tencent_uploader\account.json
2026-01-22 14:21:02 - INFO - 
============================================================
2026-01-22 14:21:02 - INFO - 【第一步】生成元数据文件
2026-01-22 14:21:02 - INFO - ============================================================
2026-01-22 14:21:02 - INFO - ============================================================
2026-01-22 14:21:02 - INFO - 找到 1 个视频文件
2026-01-22 14:21:02 - INFO - ============================================================
2026-01-22 14:21:02 - INFO - 
进度: [1/1]
2026-01-22 14:21:02 - INFO - 元数据文件已存在: 1月19日.txt
2026-01-22 14:21:02 - INFO - 
============================================================
2026-01-22 14:21:02 - INFO - 【第二步】人工审核
2026-01-22 14:21:02 - INFO - ============================================================
2026-01-22 14:21:02 - INFO - ✅ 已为 1 个视频生成元数据文件
2026-01-22 14:21:02 - INFO - 📁 元数据文件位置: F:\gitpush\video-mover\Upload\videos
2026-01-22 14:21:02 - INFO - 
2026-01-22 14:21:02 - INFO - 📝 请检查并修改每个视频对应的 .txt 文件:
2026-01-22 14:21:02 - INFO -    - 1月19日.txt
2026-01-22 14:21:02 - INFO - 
2026-01-22 14:21:02 - INFO - ⚠️  请根据实际视频内容修改标题和标签!
2026-01-22 14:21:02 - INFO - 
2026-01-22 14:21:02 - INFO - ✅ 修改完成后,按回车键继续上传...
2026-01-22 14:21:13 - ERROR - 程序执行失败: 'utf-8' codec can't decode byte 0xff in position 0: invalid start byte
Traceback (most recent call last):
  File "F:\gitpush\video-mover\standalone_upload.py", line 439, in main
    await uploader.upload_all_videos()
  File "F:\gitpush\video-mover\standalone_upload.py", line 387, in upload_all_videos
    input()  # 等待用户按回车
    ^^^^^^^
  File "<frozen codecs>", line 322, in decode
UnicodeDecodeError: 'utf-8' codec can't decode byte 0xff in position 0: invalid start byte
2026-01-22 14:21:15 - INFO - ============================================================
2026-01-22 14:21:15 - INFO - 独立视频号上传工具启动
2026-01-22 14:21:15 - INFO - ============================================================
2026-01-22 14:21:15 - INFO - 视频目录: F:\gitpush\video-mover\Upload\videos
2026-01-22 14:21:15 - INFO - 账号配置: F:\gitpush\video-mover\Upload\cookies\tencent_uploader\account.json
2026-01-22 14:21:15 - INFO - 
============================================================
2026-01-22 14:21:15 - INFO - 【第一步】生成元数据文件
2026-01-22 14:21:15 - INFO - ============================================================
2026-01-22 14:21:15 - INFO - ============================================================
2026-01-22 14:21:15 - INFO - 找到 1 个视频文件
2026-01-22 14:21:15 - INFO - ============================================================
2026-01-22 14:21:15 - INFO - 
进度: [1/1]
2026-01-22 14:21:15 - INFO - 正在为 1月19日.mp4 生成元数据文件...
2026-01-22 14:21:15 - INFO - ✅ 已创建元数据文件: 1月19日.txt
2026-01-22 14:21:15 - INFO - AI 分析视频: 1月19日.mp4
2026-01-22 14:21:15 - INFO - AI 分析视频: 1月19日.mp4
2026-01-22 14:21:39 - INFO - ✅ AI 分析完成
2026-01-22 14:21:39 - INFO - 标题: 世界破破烂烂，总有人在缝缝补补 🚲💔
2026-01-22 14:21:39 - INFO - 标签: 生活不易,底层劳动者,城市温情,社会现实,感动瞬间,打工人的日常,人间烟火气,正能量
2026-01-22 14:21:39 - INFO - ✅ AI 分析完成,已更新元数据文件
2026-01-22 14:21:39 - INFO -    标题: 世界破破烂烂，总有人在缝缝补补 🚲💔
2026-01-22 14:21:39 - INFO -    标签: 生活不易,底层劳动者,城市温情,社会现实,感动瞬间,打工人的日常,人间烟火气,正能量
2026-01-22 14:21:39 - INFO - 
============================================================
2026-01-22 14:21:39 - INFO - 【第二步】人工审核
2026-01-22 14:21:39 - INFO - ============================================================
2026-01-22 14:21:39 - INFO - ✅ 已为 1 个视频生成元数据文件
2026-01-22 14:21:39 - INFO - 📁 元数据文件位置: F:\gitpush\video-mover\Upload\videos
2026-01-22 14:21:39 - INFO - 
2026-01-22 14:21:39 - INFO - 📝 请检查并修改每个视频对应的 .txt 文件:
2026-01-22 14:21:39 - INFO -    - 1月19日.txt
2026-01-22 14:21:39 - INFO - 
2026-01-22 14:21:39 - INFO - ⚠️  请根据实际视频内容修改标题和标签!
2026-01-22 14:21:39 - INFO - 
2026-01-22 14:21:39 - INFO - ✅ 修改完成后,按回车键继续上传...
2026-01-22 14:22:02 - INFO - 
============================================================
2026-01-22 14:22:02 - INFO - 【第三步】上传视频
2026-01-22 14:22:02 - INFO - ============================================================
2026-01-22 14:22:02 - INFO - 正在设置视频号账号...
2026-01-22 14:22:25 - INFO - ✅ 账号设置成功
2026-01-22 14:22:25 - INFO - 
进度: [1/1]
2026-01-22 14:22:25 - INFO - ============================================================
2026-01-22 14:22:25 - INFO - 开始上传: 1月19日.mp4
2026-01-22 14:22:25 - INFO - ============================================================
2026-01-22 14:22:25 - INFO - 标题: 世界破破烂烂，总有人在缝缝补补 🚲💔
2026-01-22 14:22:25 - INFO - 标签: 生活不易, 底层劳动者, 城市温情, 社会现实, 感动瞬间, 打工人的日常, 人间烟火气, 正能量
2026-01-22 14:22:25 - INFO - 正在上传到视频号...
2026-01-22 14:22:50 - INFO - ============================================================
2026-01-22 14:22:50 - INFO - ✅ 上传成功: 1月19日.mp4
2026-01-22 14:22:50 - INFO - ============================================================
2026-01-22 14:22:50 - INFO - 当前统计 - 成功: 1, 失败: 0
2026-01-22 14:22:50 - INFO - 
============================================================
2026-01-22 14:22:50 - INFO - 上传完成!
2026-01-22 14:22:50 - INFO - 总计: 1 个文件
2026-01-22 14:22:50 - INFO - 成功: 1 个
2026-01-22 14:22:50 - INFO - 失败: 0 个
2026-01-22 14:22:50 - INFO - ============================================================
